<?xml version="1.0" encoding="UTF-8"?>
<!-- Generated by org.testng.reporters.JUnitXMLReporter -->
<testsuite ignored="0" hostname="LAPTOP-2AVP4BQP" failures="0" tests="3" name="Test" time="13.188" errors="0" timestamp="2023-08-23T17:04:22 IST">
  <testcase classname="multitestscenario.DragDrop" name="DragDrops" time="7.568"/>
  <testcase classname="multitestscenario.MultiTest" name="SelectDropDown" time="0.451"/>
  <testcase classname="multitestscenario.MultiTest" name="AdvanceDropDown" time="1.767"/>
</testsuite> <!-- Test -->
