<?xml version="1.0" encoding="UTF-8"?>
<testng-results ignored="0" total="3" passed="3" failed="0" skipped="0">
  <reporter-output>
  </reporter-output>
  <suite started-at="2023-08-23T16:18:28 IST" name="Suite" finished-at="2023-08-23T16:18:53 IST" duration-ms="24975">
    <groups>
    </groups>
    <test started-at="2023-08-23T16:18:28 IST" name="Test" finished-at="2023-08-23T16:18:53 IST" duration-ms="24975">
      <class name="multitestscenario.DragDrop">
        <test-method signature="DragDrops()[pri:0, instance:multitestscenario.DragDrop@4d5650ae]" started-at="2023-08-23T16:18:28 IST" name="DragDrops" finished-at="2023-08-23T16:18:38 IST" duration-ms="10139" status="PASS">
          <reporter-output>
          </reporter-output>
        </test-method> <!-- DragDrops -->
      </class> <!-- multitestscenario.DragDrop -->
      <class name="multitestscenario.MultiTest">
        <test-method is-config="true" signature="Initalization()[pri:0, instance:multitestscenario.MultiTest@5b1669c0]" started-at="2023-08-23T16:18:38 IST" name="Initalization" finished-at="2023-08-23T16:18:47 IST" duration-ms="8335" status="PASS">
          <reporter-output>
          </reporter-output>
        </test-method> <!-- Initalization -->
        <test-method signature="SelectDropDown()[pri:0, instance:multitestscenario.MultiTest@5b1669c0]" started-at="2023-08-23T16:18:47 IST" name="SelectDropDown" finished-at="2023-08-23T16:18:48 IST" duration-ms="823" status="PASS">
          <reporter-output>
          </reporter-output>
        </test-method> <!-- SelectDropDown -->
        <test-method signature="AdvanceDropDown()[pri:0, instance:multitestscenario.MultiTest@5b1669c0]" started-at="2023-08-23T16:18:48 IST" name="AdvanceDropDown" finished-at="2023-08-23T16:18:52 IST" depends-on-methods="multitestscenario.MultiTest.SelectDropDown" duration-ms="4232" status="PASS">
          <reporter-output>
          </reporter-output>
        </test-method> <!-- AdvanceDropDown -->
        <test-method is-config="true" signature="CleanUp()[pri:0, instance:multitestscenario.MultiTest@5b1669c0]" started-at="2023-08-23T16:18:52 IST" name="CleanUp" finished-at="2023-08-23T16:18:53 IST" duration-ms="1337" status="PASS">
          <reporter-output>
          </reporter-output>
        </test-method> <!-- CleanUp -->
      </class> <!-- multitestscenario.MultiTest -->
    </test> <!-- Test -->
  </suite> <!-- Suite -->
</testng-results>
