<?xml version="1.0" encoding="UTF-8"?>
<!-- Generated by org.testng.reporters.JUnitXMLReporter -->
<testsuite ignored="0" hostname="LAPTOP-2AVP4BQP" failures="0" tests="3" name="Test" time="24.975" errors="0" timestamp="2023-08-23T16:18:53 IST">
  <testcase classname="multitestscenario.DragDrop" name="DragDrops" time="10.139"/>
  <testcase classname="multitestscenario.MultiTest" name="SelectDropDown" time="0.823"/>
  <testcase classname="multitestscenario.MultiTest" name="AdvanceDropDown" time="4.232"/>
</testsuite> <!-- Test -->
